password	2:2435/0.0      VF34MVC
password	2:2435/1.0      VF34MVC
password	2:2435/22.0     VF34MVC
password	2:2435/40.0     VF34MVC
password	2:2435/410.0    VF34MVC
password	2:2435/411.0    VF34MVC
password	2:2435/412.0    VF34MVC
password	2:2435/413.0    VF34MVC
password	2:2435/414.0    VF34MVC
password	32:4935/400.0   VF34MVC
password	32:4935/401.0   VF34MVC
password	32:4935/402.0   VF34MVC
password	32:4935/403.0   VF34MVC
password	44:4935/400.0   VF34MVC
password	44:4935/401.0   VF34MVC
password	44:4935/402.0   VF34MVC
password	44:4935/403.0   VF34MVC
password	37:106/0        VF34MVC
password	37:106/10       VF34MVC
password	37:106/11       VF34MVC
password	235:100/0       VF34MVC
password	235:100/10      VF34MVC
password	235:100/11      VF34MVC
password	999:100/801     VF34MVC
password	2:2435/422      JDKF838
password	2:2435/423      JDKF838
password	235:200/0       JDKF838
password	235:200/16      JDKF838
password	235:200/26      JDKF838
password	37:106/24       JDKF838
password	37:106/25       JDKF838
password	44:4935/200     JDKF838
password	44:4935/214     JDKF838
password	44:4935/215     JDKF838
password	999:100/802     JDKF838
password	2:2435/424.2    MARDER
password	235:100/37.2    MARDER
password	32:4935/101.2   MARDER
password	2:2435/424.1    PROG
password	2:2435/430      PROG
password	32:4935/101.1   PROG
password	37:106/38.1     PROG
password	37:106/46       PROG
password	44:4935/101.1   PROG
password	44:4935/116     PROG
password	235:100/37.1    PROG
password	235:100/42      PROG
password	999:100/200     PROG
password	999:100/201     PROG
password	999:100/202     PROG
password	999:100/203     PROG
password	999:100/204     PROG
password	999:100/205     PROG
password	999:100/206     PROG
password	999:100/207     PROG
password	999:100/208     PROG
password	999:100/209     PROG
password	999:100/299     PROG
password	999:100/300     TEST01
password	999:100/301     TEST01
password	999:100/302     TEST01
password	999:100/303     TEST01
password	999:100/304     TEST01
password	999:100/305     TEST01
password	999:100/306     TEST01
password	999:100/307     TEST01
password	999:100/308     TEST01
password	999:100/309     TEST01
password	999:100/399     TEST01
password	2:240/5721      TEST01
password	32:4935/110     TEST01
password	44:4935/119     TEST01
password	999:100/952     TEST01
password	2:2435/424.99   XXS
password	235:100/37.99   XXS
password	37:106/38.99    XXS
password	999:100/157     XXS
password	999:900/205     XXS
password	999:900/206     XXS
password	44:49/0         9TJ4G4
password	44:4932/0       9TJ4G4
password	44:4932/46      9TJ4G4
password	44:4932/10      9TJ4G4
password	44:4932/11      9TJ4G4
password	44:4932/12      9TJ4G4
password	44:44/0         9TJ4G4
password	2:2432/215      9TJ4G4
password	2:2432/216      9TJ4G4
password	37:109/617      9TJ4G4
password	44:4935/114     NCONSI
password	2:2464/999      NCONSI
password	2:2464/1000     NCONSI
password	2:2442/4027     GH848DG
password	2:2442/7007     GH848DG
password	32:49/2         GH848DG
password	32:4944/3001    GH848DG
password	32:4944/3000    GH848DG
password	44:4932/701     GH848DG
password	44:4932/700     GH848DG
password	2:2476/703      SILBER
password	70:716/0        SILBER
password	70:716/1        SILBER
password	70:716/200      SILBER
password	2:2435/417      JS06MGA
password	2:2435/427      JS06MGA
password	32:4935/217     JS06MGA
password	44:4935/217     JS06MGA
password	2:2435/424.5    STEPHAN
password	2:2435/424.51   100676
password	235:100/37.35   100676
password	2:2455/566      GJ493G
password	44:4935/115     GJ493G
password	2:240/5719      DARKLAND
password	2:2411/525      SAMSI205
password	2:249/1170      GALLOCHA
password	2:249/1171      GALLOCHA
password	2:2426/2320     TURBOPCS
password	2:248/6601      REMMERS
password	2:2435/424.8    317957
password	235:100/37.8    317957
password	32:4935/101.6   1701
password	2:2435/424.6    1701
password	2:2461/188.4    1701
password	235:100/37.6    1701
password	44:4935/600     SEMAGX
password	44:4935/601     SEMAGX
password	2:244/1804      SEMAGX
password	2:2490/4100     HG94HW
password	2:2490/4101     HG94HW
password	2:2437/539      LN54AM45
password	2:2437/549      LN54AM45
password	44:4935/117     LN54AM45
password	44:4935/118     LN54AM45
password	2:2435/424.7    SKALL
password	235:100/37.7    SKALL
password	32:4935/101.7   SKALL
password	235:100/37.9    471199
password	235:100/37.10   471199
password	44:4935/101.11  15LNX98
password	2:2461/109      15LNX98
password	2:2461/110      15LNX98
password	2:2474/100      XE06SS21
password	2:2474/141      XE06SS21
password	2:2457/0        98SS0826
password	2:2457/1        98SS0826
password	2:2457/110      98SS0826
password	2:2457/111      98SS0826
password	2:2457/200      98SS0826
password	44:4935/110     98SS0826
password	777:4900/1030   98SS0826
password	2:2435/410.8    ANTONIUS
password	44:4935/101.12  ANTONIUS
password	235:100/10.17   ANTONIUS
password	235:100/37.12   ANTONIUS
password	2:2437/530      DINGKLON
password	44:4935/130     DINGKLON
password	2:2480/47       SS091198
password	2:2435/424.4    HSIMBGGD
password	2:240/2188.50   HSIMBGGD
password	2:240/3014.7    HSIMBGGD
password	70:716/200.9    HSIMBGGD
password	235:300/0       SS011298
password	2:2487/3000     SS301198
password	2:2487/3001     SS301198
password	2:2487/3002     SS301198
password	37:107/800      SS301198
password	37:107/801      SS301198
password	777:4918/4000   SS301198
password	2:2435/613      LXNET
password	44:4935/111     LXNET
password	44:4935/300     PONTIAC
password	44:4935/301     PONTIAC
password	44:4935/306     PONTIAC
password	2:246/1451      PONTIAC
password	2:2435/418      SEPESA
password	44:4935/115     SEPESA
password	2:2435/109      SS07398
password	2:2461/120      F2CAB3
password	2:2461/121      F2CAB3
password	44:4935/122     F2CAB3
password	2:31/1          JFDI832
password	2:244/6121      SNSWHQ
password	2:244/6122      SNSWHQ
password	2:244/6123      SNSWHQ
password	2:244/6124      SNSWHQ
password	31:108/3000     SNSWHQ
password	44:4935/500     SNSWHQ
password	44:4935/501     SNSWHQ
password	44:4935/502     SNSWHQ
password	44:4935/503     SNSWHQ
password	44:4935/504     SNSWHQ
password	707:1009/0      SNSWHQ
password	2:244/6312      DANVOS
password	256:4950/17     DANVOS
password	2:24/888        FJ39HF
password	2:24/99         FJ39HF
password	2:24/908        FJ39HF
password	2:2461/5        FJ39HF
password	2:2461/6        FJ39HF
password	2:2461/7        FJ39HF
password	2:2448/820      hjuz7654
password	2:2468/9904     A56NM89Z
password	44:4935/700     A56NM89Z
password	44:4935/701     A56NM89Z
password	2:2444/1167	JF784JD
password	2:244/6125	LFN10204
password	2:244/6126	LFN10204
password	2:244/6127	LFN10204
password	44:4935/112	LFN10204
password	44:4935/113	LFN10204
password	512:1/0		LFN10204
password	512:10/0	LFN10204
password	512:10/1	LFN10204
password	512:10/2	LFN10204
password	707:1009/200	LFN10204
password	707:1009/201	LFN10204
password	707:1009/202	LFN10204
password	2:2461/315	PH3ENN
password	2:2461/316	PH3ENN
password	70:714/0	PH3ENN
password	70:714/100	PH3ENN
password	70:714/110	PH3ENN
password	2:2446/0	94MVULF
password	2:2446/300	94MVULF
password	2:2446/301	94MVULF
password	2:2446/305	94MVULF
password	2:245/3		STEINAU
password	2:245/6851	STEINAU
password	70:714/800	STEINAU
password	70:714/801	STEINAU
password	2:23/999	2SILBEIP
password	2:236/9		2SILBEIP
password	2:236/203	2SILBEIP
password	2:236/205	2SILBEIP
password	2:37/37		hg48dh
password	44:36/0		hg48dh
password	44:361/0	hg48dh
password	44:361/1	hg48dh
password	2:2476/419	fj439c
password	2:2490/3000	intenso
password	2:2490/3045	intenso
password	2:2490/3046	intenso
password	2:2435/2	ghj94hv
password	2:2435/615	ghj94hv
password	2:2435/616	ghj94hv
password	707:1006/430	ghj94hv
password	707:1006/431	ghj94hv
password	2:2461/326	SW33FX
password	2:2461/332	SW33FX
password	2:2461/333	SW33FX
password	2:2457/265	SMS001
password	2:2435/424.4	hsimbggd
password	2:245/6851.73	hsimbggd
password	2:244/6317	SS110999
password	70:714/102	SS110999
password	2:2483/10	J6498F
password	2:2483/21	J6498F
password	2:2483/22	J6498F
password	7:50/0		J6498F
password	7:50/21 	J6498F
password	7:50/22 	J6498F
password	2:2433/425	TUX2000
password	44:4935/510	TUX2000
password	2:244/6260	hjg9i43w

